\BOOKMARK [1][-]{section.1}{\376\377\000N\000o\000t\000e\000s\000\040\000e\000n\000\040\000v\000r\000a\000c}{}% 1
\BOOKMARK [2][-]{subsection.1.1}{\376\377\000D\000e\000s\000c\000r\000i\000p\000t\000i\000o\000n}{section.1}% 2
\BOOKMARK [2][-]{subsection.1.2}{\376\377\000N\000o\000t\000e\000s\000\040\000c\000o\000u\000r\000s\000\040\000C\000.\000\040\000D\000o\000z}{section.1}% 3
\BOOKMARK [3][-]{subsubsection.1.2.1}{\376\377\000U\000n\000i\000v\000a\000r\000i\000a\000t\000e\000\040\000t\000i\000m\000e\000\040\000s\000e\000r\000i\000e\000s}{subsection.1.2}% 4
\BOOKMARK [3][-]{subsubsection.1.2.2}{\376\377\000M\000u\000l\000t\000i\000v\000a\000r\000i\000a\000t\000e\000\040\000t\000i\000m\000e\000\040\000s\000e\000r\000i\000e\000s}{subsection.1.2}% 5
\BOOKMARK [2][-]{subsection.1.3}{\376\377\000N\000o\000t\000e\000s\000\040\000F\000e\000r\000r\000a\000r\000a\000\040\000-\000\040\000D\000o\000z}{section.1}% 6
\BOOKMARK [2][-]{subsection.1.4}{\376\377\000N\000o\000n\000-\000l\000i\000n\000e\000a\000r\000\040\000r\000e\000g\000r\000e\000s\000s\000i\000o\000n}{section.1}% 7
\BOOKMARK [2][-]{subsection.1.5}{\376\377\000F\000o\000r\000e\000c\000a\000s\000t\000\040\000\050\000s\000e\000e\000\040\000p\000.\0001\0001\0005\000\051}{section.1}% 8
\BOOKMARK [1][-]{section.2}{\376\377\000N\000o\000t\000e\000\040\000\351\000c\000h\000a\000n\000g\000e}{}% 9
\BOOKMARK [1][-]{section.3}{\376\377\000I\000n\000t\000r\000o\000d\000u\000c\000t\000i\000o\000n}{}% 10
\BOOKMARK [1][-]{section.4}{\376\377\000M\000e\000t\000h\000o\000d\000s}{}% 11
\BOOKMARK [2][-]{subsection.4.1}{\376\377\000A\000b\000o\000u\000t\000\040\000t\000h\000e\000\040\000d\000a\000t\000a\000s\000e\000t}{section.4}% 12
\BOOKMARK [2][-]{subsection.4.2}{\376\377\000O\000L\000S\000\040\000R\000e\000g\000r\000e\000s\000s\000i\000o\000n\000:\000\040\000a\000\040\000k\000i\000n\000d\000\040\000r\000e\000m\000i\000n\000d\000e\000r}{section.4}% 13
\BOOKMARK [2][-]{subsection.4.3}{\376\377\000F\000i\000r\000s\000t\000\040\000m\000o\000d\000e\000l\000s}{section.4}% 14
\BOOKMARK [3][-]{subsubsection.4.3.1}{\376\377\000M\000u\000l\000t\000i\000c\000o\000l\000l\000i\000n\000e\000r\000a\000r\000i\000t\000y}{subsection.4.3}% 15
\BOOKMARK [3][-]{subsubsection.4.3.2}{\376\377\000N\000o\000r\000m\000a\000l\000i\000t\000y\000\040\000o\000f\000\040\000r\000e\000s\000i\000d\000u\000a\000l\000s}{subsection.4.3}% 16
\BOOKMARK [3][-]{subsubsection.4.3.3}{\376\377\000H\000o\000m\000o\000s\000c\000e\000d\000a\000s\000t\000i\000c\000i\000t\000y}{subsection.4.3}% 17
\BOOKMARK [3][-]{subsubsection.4.3.4}{\376\377\000A\000u\000t\000o\000c\000o\000r\000r\000e\000l\000a\000t\000i\000o\000n}{subsection.4.3}% 18
\BOOKMARK [3][-]{subsubsection.4.3.5}{\376\377\000R\000e\000s\000u\000l\000t\000s}{subsection.4.3}% 19
\BOOKMARK [2][-]{subsection.4.4}{\376\377\000S\000t\000r\000u\000c\000t\000u\000r\000a\000l\000\040\000b\000r\000e\000a\000k}{section.4}% 20
\BOOKMARK [2][-]{subsection.4.5}{\376\377\000A\000\040\000c\000h\000a\000n\000g\000e\000\040\000o\000f\000\040\000s\000t\000r\000a\000t\000e\000g\000y}{section.4}% 21
\BOOKMARK [1][-]{section.5}{\376\377\000R\000e\000s\000u\000l\000t\000s}{}% 22
\BOOKMARK [1][-]{section.6}{\376\377\000L\000i\000m\000i\000t\000s}{}% 23
\BOOKMARK [1][-]{section.7}{\376\377\000M\000a\000t\000\351\000r\000i\000e\000l\000s\000\040\000e\000t\000\040\000m\000\351\000t\000h\000o\000d\000e\000s}{}% 24
\BOOKMARK [1][-]{section.8}{\376\377\000R\000\351\000s\000u\000l\000t\000a\000t\000s\000\040\000e\000t\000\040\000d\000i\000s\000c\000u\000s\000s\000i\000o\000n\000s}{}% 25
\BOOKMARK [1][-]{section.9}{\376\377\000\300\000\040\000p\000r\000o\000p\000o\000s\000\040\000d\000u\000\040\000p\000r\000o\000t\000o\000t\000y\000p\000e}{}% 26
\BOOKMARK [1][-]{section.10}{\376\377\000C\000o\000n\000c\000l\000u\000s\000i\000o\000n}{}% 27
\BOOKMARK [1][-]{section.10}{\376\377\000B\000i\000b\000l\000i\000o\000g\000r\000a\000p\000h\000i\000e}{}% 28
\BOOKMARK [1][-]{section.11}{\376\377\000A\000p\000p\000e\000n\000d\000i\000x}{}% 29
